<?xml version="1.0" encoding="UTF-8"?>
<!-- Generated by org.testng.reporters.JUnitReportReporter -->
<testsuite skipped="0" hostname="LAPTOP-K37S6P85" name="com.passionInc.testCases.PI_TC_01" tests="1" failures="0" timestamp="28 Mar 2019 22:43:02 GMT" time="3.537" errors="0">
  <testcase name="submit" time="3.537" classname="com.passionInc.testCases.PI_TC_01"/>
</testsuite> <!-- com.passionInc.testCases.PI_TC_01 -->
