<?xml version="1.0" encoding="UTF-8"?>
<!-- Generated by org.testng.reporters.JUnitReportReporter -->
<testsuite skipped="0" hostname="LAPTOP-K37S6P85" name="com.passionInc.testCases.PI_TC_02" tests="3" failures="0" timestamp="28 Mar 2019 22:43:02 GMT" time="5.262" errors="0">
  <testcase name="submitNegative" time="2.227" classname="com.passionInc.testCases.PI_TC_02"/>
  <testcase name="submitNegative" time="1.637" classname="com.passionInc.testCases.PI_TC_02"/>
  <testcase name="submitNegative" time="1.398" classname="com.passionInc.testCases.PI_TC_02"/>
</testsuite> <!-- com.passionInc.testCases.PI_TC_02 -->
