<?xml version="1.0" encoding="UTF-8"?>
<!-- Generated by org.testng.reporters.JUnitReportReporter -->
<testsuite skipped="0" hostname="LAPTOP-K37S6P85" name="com.passionInc.testCases.PI_TC_03" tests="1" failures="0" timestamp="28 Mar 2019 22:43:02 GMT" time="3.073" errors="0">
  <testcase name="chechemailformat" time="3.073" classname="com.passionInc.testCases.PI_TC_03"/>
</testsuite> <!-- com.passionInc.testCases.PI_TC_03 -->
